<?xml version="1.0" encoding="UTF-8" ?>
<testsuites errors="0"
            failures="1"
            tests="2">

  <testsuite name="modifyWanted"
    errors="0" failures="1" hostname="" id="" package="modifyWanted" skipped="0"
    tests="2" time="27.23" timestamp="">
  
    <testcase name="Valid Entry" classname="modifyWanted" time="7.765" assertions="2">

      <failure message="Expected element &lt;Element [name=@results]&gt; text to contain: &#34;Valid&#34; - expected [0;32m&#34;contain &#39;Valid&#39;&#34;[0m but got: [0;31m&#34;Submit Clear
Errors Received:
The field named &#34;Warrant ID&#34; must be included.

No results generated due to error.&#34;[0m">    at module.exports (C:\Users\Tommy Platero\Documents\DevMtn\wanted-queries-automation\testAssets\enterWantedValid.js:44:23)
    at Object.Valid Entry (C:\Users\Tommy Platero\Documents\DevMtn\wanted-queries-automation\tests\modifyWanted.js:31:5)</failure>

    <failure message="    at module.exports (C:\Users\Tommy Platero\Documents\DevMtn\wanted-queries-automation\testAssets\enterWantedValid.js:44:23)">    at Object.Valid Entry (C:\Users\Tommy Platero\Documents\DevMtn\wanted-queries-automation\tests\modifyWanted.js:31:5)</failure>
    </testcase>
  
    <testcase name="Invalid Entry" classname="modifyWanted" time="19.46" assertions="4">

    

    

    

    
    </testcase>
  

  

  
  </testsuite>
</testsuites>
